<?xml version="1.0" encoding="utf-8"?><testsuites name="pytest tests"><testsuite name="pytest" errors="0" failures="0" skipped="0" tests="18" time="27.190" timestamp="2026-04-06T11:50:59.245546+00:00" hostname="agent-env-dc0f292a-be0e-4c64-bfba-4471319cfdf4"><testcase classname="backend.tests.test_problem_workspace.TestProblemsAPI" name="test_problems_list_loads" time="0.168" /><testcase classname="backend.tests.test_problem_workspace.TestProblemsAPI" name="test_problems_meta" time="0.118" /><testcase classname="backend.tests.test_problem_workspace.TestProblemsAPI" name="test_problems_filter_by_topic" time="0.114" /><testcase classname="backend.tests.test_problem_workspace.TestProblemsAPI" name="test_problems_filter_by_difficulty" time="0.105" /><testcase classname="backend.tests.test_problem_workspace.TestProblemsAPI" name="test_problems_search" time="0.110" /><testcase classname="backend.tests.test_problem_workspace.TestProblemDetail" name="test_get_problem_prob_00001" time="0.101" /><testcase classname="backend.tests.test_problem_workspace.TestProblemDetail" name="test_get_problem_not_found" time="0.105" /><testcase classname="backend.tests.test_problem_workspace.TestTestCases" name="test_get_testcases_prob_00001" time="0.096" /><testcase classname="backend.tests.test_problem_workspace.TestTestCases" name="test_get_testcases_not_found" time="0.104" /><testcase classname="backend.tests.test_problem_workspace.TestProblemChat" name="test_problem_chat_basic" time="6.135" /><testcase classname="backend.tests.test_problem_workspace.TestProblemChat" name="test_problem_chat_with_context" time="6.292" /><testcase classname="backend.tests.test_problem_workspace.TestProblemChat" name="test_problem_chat_not_found" time="0.126" /><testcase classname="backend.tests.test_problem_workspace.TestCodeEvaluation" name="test_code_evaluate_python" time="7.088" /><testcase classname="backend.tests.test_problem_workspace.TestCodeEvaluation" name="test_code_evaluate_javascript" time="5.993" /><testcase classname="backend.tests.test_problem_workspace.TestCodeEvaluation" name="test_code_evaluate_problem_not_found" time="0.114" /><testcase classname="backend.tests.test_problem_workspace.TestAuthRequired" name="test_testcases_requires_auth" time="0.104" /><testcase classname="backend.tests.test_problem_workspace.TestAuthRequired" name="test_problem_chat_requires_auth" time="0.122" /><testcase classname="backend.tests.test_problem_workspace.TestAuthRequired" name="test_code_evaluate_requires_auth" time="0.103" /></testsuite></testsuites>