<?xml version="1.0" encoding="utf-8"?><testsuites name="pytest tests"><testsuite name="pytest" errors="0" failures="0" skipped="0" tests="11" time="1.008" timestamp="2026-04-25T22:23:53.329474+00:00" hostname="agent-env-dc0f292a-be0e-4c64-bfba-4471319cfdf4"><testcase classname="backend.tests.test_iteration7.TestCommunityCreateUserId" name="test_create_post_has_user_id" time="0.332" /><testcase classname="backend.tests.test_iteration7.TestCommunityCreateUserId" name="test_list_posts_have_user_id" time="0.065" /><testcase classname="backend.tests.test_iteration7.TestCommunityDelete" name="test_delete_own_post" time="0.187" /><testcase classname="backend.tests.test_iteration7.TestCommunityDelete" name="test_delete_nonexistent_returns_404" time="0.065" /><testcase classname="backend.tests.test_iteration7.TestCommunityDelete" name="test_delete_others_post_returns_403" time="0.134" /><testcase classname="backend.tests.test_iteration7.TestCommunityDelete" name="test_delete_requires_auth" time="0.111" /><testcase classname="backend.tests.test_iteration7.TestHonestPromptContent" name="test_build_system_prompt_brutally_honest" time="0.000" /><testcase classname="backend.tests.test_iteration7.TestHonestPromptContent" name="test_next_round_transition_honest_assessment" time="0.000" /><testcase classname="backend.tests.test_iteration7.TestHonestPromptContent" name="test_end_interview_report_honest" time="0.000" /><testcase classname="backend.tests.test_iteration7.TestAIInterviewIDE" name="test_show_ide_round_1_or_2" time="0.000" /><testcase classname="backend.tests.test_iteration7.TestCommunityFrontendDelete" name="test_delete_button_authored_only" time="0.001" /></testsuite></testsuites>