<?xml version="1.0" encoding="utf-8"?><testsuites name="pytest tests"><testsuite name="pytest" errors="0" failures="0" skipped="0" tests="15" time="102.143" timestamp="2026-04-06T13:05:39.183309+00:00" hostname="agent-env-dc0f292a-be0e-4c64-bfba-4471319cfdf4"><testcase classname="backend.tests.test_iteration5.TestCustomQuestionVisualizer" name="test_visualize_question_returns_200" time="11.172" /><testcase classname="backend.tests.test_iteration5.TestCustomQuestionVisualizer" name="test_visualize_question_returns_data_structure" time="13.448" /><testcase classname="backend.tests.test_iteration5.TestCustomQuestionVisualizer" name="test_visualize_question_returns_steps" time="12.093" /><testcase classname="backend.tests.test_iteration5.TestCustomQuestionVisualizer" name="test_visualize_question_returns_complexity" time="19.403" /><testcase classname="backend.tests.test_iteration5.TestCustomQuestionVisualizer" name="test_visualize_question_returns_data_array" time="13.386" /><testcase classname="backend.tests.test_iteration5.TestInterviewAPIs" name="test_start_interview_returns_interview_object" time="4.939" /><testcase classname="backend.tests.test_iteration5.TestInterviewAPIs" name="test_start_interview_returns_initial_message" time="5.033" /><testcase classname="backend.tests.test_iteration5.TestInterviewAPIs" name="test_get_interview_returns_interview_and_messages" time="5.278" /><testcase classname="backend.tests.test_iteration5.TestInterviewAPIs" name="test_send_message_returns_user_and_ai_message" time="5.319" /><testcase classname="backend.tests.test_iteration5.TestInterviewAPIs" name="test_next_round_increments_round" time="6.174" /><testcase classname="backend.tests.test_iteration5.TestInterviewAPIs" name="test_list_interviews_returns_array" time="0.202" /><testcase classname="backend.tests.test_iteration5.TestProctoringAPI" name="test_log_proctoring_event_tab_switch" time="5.306" /><testcase classname="backend.tests.test_iteration5.TestProctoringAPI" name="test_log_proctoring_event_face_detection" time="0.105" /><testcase classname="backend.tests.test_iteration5.TestAuthRequired" name="test_visualize_question_requires_auth" time="0.100" /><testcase classname="backend.tests.test_iteration5.TestAuthRequired" name="test_interviews_start_requires_auth" time="0.099" /></testsuite></testsuites>