<?xml version="1.0" encoding="utf-8"?><testsuites name="pytest tests"><testsuite name="pytest" errors="0" failures="0" skipped="0" tests="20" time="15.654" timestamp="2026-04-06T12:50:37.004758+00:00" hostname="agent-env-dc0f292a-be0e-4c64-bfba-4471319cfdf4"><testcase classname="backend.tests.test_iteration4.TestSQLProblemsAPI" name="test_sql_problems_returns_580_total" time="0.200" /><testcase classname="backend.tests.test_iteration4.TestSQLProblemsAPI" name="test_sql_problems_pagination" time="0.174" /><testcase classname="backend.tests.test_iteration4.TestSQLProblemsAPI" name="test_sql_problems_filter_by_category_joins" time="0.108" /><testcase classname="backend.tests.test_iteration4.TestSQLProblemsAPI" name="test_sql_problems_filter_by_difficulty" time="0.153" /><testcase classname="backend.tests.test_iteration4.TestSQLProblemsAPI" name="test_sql_problem_structure" time="0.128" /><testcase classname="backend.tests.test_iteration4.TestSQLChatAPI" name="test_sql_chat_returns_response" time="7.995" /><testcase classname="backend.tests.test_iteration4.TestSQLChatAPI" name="test_sql_chat_with_context" time="5.330" /><testcase classname="backend.tests.test_iteration4.TestEnhancedDescriptionAPI" name="test_enhanced_description_for_prob_00001" time="0.125" /><testcase classname="backend.tests.test_iteration4.TestEnhancedDescriptionAPI" name="test_enhanced_description_has_examples" time="0.102" /><testcase classname="backend.tests.test_iteration4.TestEnhancedDescriptionAPI" name="test_enhanced_description_has_constraints" time="0.105" /><testcase classname="backend.tests.test_iteration4.TestEnhancedDescriptionAPI" name="test_enhanced_description_has_hints" time="0.098" /><testcase classname="backend.tests.test_iteration4.TestEnhancedDescriptionAPI" name="test_enhanced_description_has_complexity" time="0.097" /><testcase classname="backend.tests.test_iteration4.TestPatternVisualizerAPI" name="test_visualizer_for_prob_00001" time="0.097" /><testcase classname="backend.tests.test_iteration4.TestPatternVisualizerAPI" name="test_visualizer_has_steps" time="0.112" /><testcase classname="backend.tests.test_iteration4.TestPatternVisualizerAPI" name="test_visualizer_has_key_insight" time="0.108" /><testcase classname="backend.tests.test_iteration4.TestPatternVisualizerAPI" name="test_visualizer_has_when_to_use" time="0.122" /><testcase classname="backend.tests.test_iteration4.TestPatternVisualizerAPI" name="test_visualizer_has_similar_problems" time="0.104" /><testcase classname="backend.tests.test_iteration4.TestSQLSchemaAPI" name="test_sql_schema_returns_tables" time="0.105" /><testcase classname="backend.tests.test_iteration4.TestSQLExecuteAPI" name="test_sql_execute_select" time="0.122" /><testcase classname="backend.tests.test_iteration4.TestSQLExecuteAPI" name="test_sql_execute_join" time="0.113" /></testsuite></testsuites>