<?xml version="1.0" encoding="utf-8"?><testsuites name="pytest tests"><testsuite name="pytest" errors="0" failures="0" skipped="0" tests="19" time="53.246" timestamp="2026-04-06T12:15:34.477601+00:00" hostname="agent-env-dc0f292a-be0e-4c64-bfba-4471319cfdf4"><testcase classname="backend.tests.test_iteration3.TestAuthAPI" name="test_auth_me_returns_user" time="0.211" /><testcase classname="backend.tests.test_iteration3.TestProblemsAPI" name="test_list_problems" time="0.103" /><testcase classname="backend.tests.test_iteration3.TestProblemsAPI" name="test_get_problem_by_id" time="0.097" /><testcase classname="backend.tests.test_iteration3.TestProblemsAPI" name="test_get_problems_meta" time="0.112" /><testcase classname="backend.tests.test_iteration3.TestProblemsAPI" name="test_get_testcases" time="0.113" /><testcase classname="backend.tests.test_iteration3.TestProblemsAPI" name="test_problem_chat" time="6.614" /><testcase classname="backend.tests.test_iteration3.TestInterviewAPI" name="test_start_interview" time="3.945" /><testcase classname="backend.tests.test_iteration3.TestInterviewAPI" name="test_interview_message" time="11.309" /><testcase classname="backend.tests.test_iteration3.TestInterviewAPI" name="test_list_interviews" time="0.122" /><testcase classname="backend.tests.test_iteration3.TestProctoringAPI" name="test_log_proctoring_event" time="4.147" /><testcase classname="backend.tests.test_iteration3.TestProctoringAPI" name="test_log_face_not_detected" time="4.284" /><testcase classname="backend.tests.test_iteration3.TestCodeEvaluationAPI" name="test_evaluate_code" time="8.726" /><testcase classname="backend.tests.test_iteration3.TestResourcesAPI" name="test_list_resources" time="0.111" /><testcase classname="backend.tests.test_iteration3.TestSQLAPI" name="test_get_sql_schema" time="0.092" /><testcase classname="backend.tests.test_iteration3.TestSQLAPI" name="test_execute_select_query" time="0.106" /><testcase classname="backend.tests.test_iteration3.TestSQLAPI" name="test_reject_dangerous_query" time="0.103" /><testcase classname="backend.tests.test_iteration3.TestProfileAPI" name="test_get_profile" time="0.099" /><testcase classname="backend.tests.test_iteration3.TestProfileAPI" name="test_update_profile" time="0.120" /><testcase classname="backend.tests.test_iteration3.TestChatbotAPI" name="test_chatbot_response" time="12.709" /></testsuite></testsuites>