<?xml version="1.0" encoding="utf-8"?><testsuites name="pytest tests"><testsuite name="pytest" errors="0" failures="0" skipped="0" tests="28" time="4.344" timestamp="2026-04-25T22:09:26.410774+00:00" hostname="agent-env-dc0f292a-be0e-4c64-bfba-4471319cfdf4"><testcase classname="backend.tests.test_community.TestCommunityStats" name="test_stats_returns_200" time="0.161" /><testcase classname="backend.tests.test_community.TestCommunityStats" name="test_stats_has_required_fields" time="0.107" /><testcase classname="backend.tests.test_community.TestCommunityStats" name="test_stats_values_are_numbers" time="0.151" /><testcase classname="backend.tests.test_community.TestCommunityStats" name="test_stats_requires_auth" time="0.113" /><testcase classname="backend.tests.test_community.TestCommunityPostsList" name="test_list_posts_returns_200" time="0.149" /><testcase classname="backend.tests.test_community.TestCommunityPostsList" name="test_list_posts_has_pagination" time="0.107" /><testcase classname="backend.tests.test_community.TestCommunityPostsList" name="test_list_posts_filter_by_experience" time="0.113" /><testcase classname="backend.tests.test_community.TestCommunityPostsList" name="test_list_posts_filter_by_review" time="0.109" /><testcase classname="backend.tests.test_community.TestCommunityPostsList" name="test_list_posts_sort_by_newest" time="0.121" /><testcase classname="backend.tests.test_community.TestCommunityPostsList" name="test_list_posts_sort_by_popular" time="0.111" /><testcase classname="backend.tests.test_community.TestCommunityPostsList" name="test_post_has_author_info" time="0.119" /><testcase classname="backend.tests.test_community.TestCommunityPostsList" name="test_post_has_liked_by_me_field" time="0.117" /><testcase classname="backend.tests.test_community.TestCommunityPostCreate" name="test_create_experience_post" time="0.108" /><testcase classname="backend.tests.test_community.TestCommunityPostCreate" name="test_create_review_post_with_rating" time="0.124" /><testcase classname="backend.tests.test_community.TestCommunityPostCreate" name="test_create_post_requires_auth" time="0.152" /><testcase classname="backend.tests.test_community.TestCommunityPostCreate" name="test_created_post_appears_in_list" time="0.245" /><testcase classname="backend.tests.test_community.TestCommunityLike" name="test_like_toggle_on" time="0.238" /><testcase classname="backend.tests.test_community.TestCommunityLike" name="test_like_toggle_off" time="0.330" /><testcase classname="backend.tests.test_community.TestCommunityLike" name="test_like_nonexistent_post" time="0.148" /><testcase classname="backend.tests.test_community.TestCommunityComment" name="test_add_comment" time="0.229" /><testcase classname="backend.tests.test_community.TestCommunityComment" name="test_comment_appears_in_post" time="0.330" /><testcase classname="backend.tests.test_community.TestCommunityComment" name="test_comment_nonexistent_post" time="0.132" /><testcase classname="backend.tests.test_community.TestInterviewRound2SQL" name="test_round2_guidelines_include_sql" time="0.000" /><testcase classname="backend.tests.test_community.TestAuthRequired" name="test_stats_requires_auth" time="0.140" /><testcase classname="backend.tests.test_community.TestAuthRequired" name="test_posts_list_requires_auth" time="0.119" /><testcase classname="backend.tests.test_community.TestAuthRequired" name="test_create_post_requires_auth" time="0.111" /><testcase classname="backend.tests.test_community.TestAuthRequired" name="test_like_requires_auth" time="0.139" /><testcase classname="backend.tests.test_community.TestAuthRequired" name="test_comment_requires_auth" time="0.130" /></testsuite></testsuites>