<?xml version="1.0" encoding="utf-8"?><testsuites name="pytest tests"><testsuite name="pytest" errors="0" failures="0" skipped="0" tests="11" time="0.977" timestamp="2026-04-25T22:49:40.226623+00:00" hostname="agent-env-dc0f292a-be0e-4c64-bfba-4471319cfdf4"><testcase classname="backend.tests.test_iteration9.TestResourcesBestResources" name="test_list_resources_returns_array" time="0.219" /><testcase classname="backend.tests.test_iteration9.TestResourcesBestResources" name="test_list_resources_each_has_best_resources_array" time="0.053" /><testcase classname="backend.tests.test_iteration9.TestResourcesBestResources" name="test_each_subject_has_curated_links_with_required_fields" time="0.055" /><testcase classname="backend.tests.test_iteration9.TestResourcesBestResources" name="test_get_resource_by_slug_includes_best_resources" time="0.174" /><testcase classname="backend.tests.test_iteration9.TestResourcesBestResources" name="test_get_resource_unknown_slug_404" time="0.055" /><testcase classname="backend.tests.test_iteration9.TestResourcesBestResources" name="test_known_curated_links_present" time="0.051" /><testcase classname="backend.tests.test_iteration9.TestEndInterviewRoundGrouping" name="test_end_interview_404_for_unknown_id" time="0.052" /><testcase classname="backend.tests.test_iteration9.TestEndInterviewRoundGrouping" name="test_end_interview_requires_auth" time="0.111" /><testcase classname="backend.tests.test_iteration9.TestEndInterviewRoundGrouping" name="test_round_grouping_logic_inline" time="0.000" /><testcase classname="backend.tests.test_iteration9.TestRegression" name="test_profile_stats_still_works" time="0.061" /><testcase classname="backend.tests.test_iteration9.TestRegression" name="test_problems_listing" time="0.058" /></testsuite></testsuites>