<?xml version="1.0" encoding="utf-8"?><testsuites name="pytest tests"><testsuite name="pytest" errors="0" failures="0" skipped="0" tests="10" time="1.673" timestamp="2026-04-25T23:12:54.871204+00:00" hostname="agent-env-dc0f292a-be0e-4c64-bfba-4471319cfdf4"><testcase classname="backend.tests.test_iteration10.TestLeaderboard" name="test_leaderboard_requires_auth" time="0.205" /><testcase classname="backend.tests.test_iteration10.TestLeaderboard" name="test_leaderboard_returns_array" time="0.135" /><testcase classname="backend.tests.test_iteration10.TestLeaderboard" name="test_leaderboard_entry_required_fields" time="0.314" /><testcase classname="backend.tests.test_iteration10.TestLeaderboard" name="test_leaderboard_sorted_by_xp_desc" time="0.117" /><testcase classname="backend.tests.test_iteration10.TestLeaderboard" name="test_leaderboard_positions_sequential" time="0.124" /><testcase classname="backend.tests.test_iteration10.TestLeaderboard" name="test_leaderboard_contains_expected_users" time="0.149" /><testcase classname="backend.tests.test_iteration10.TestLeaderboard" name="test_leaderboard_xp_formula" time="0.112" /><testcase classname="backend.tests.test_iteration10.TestLeaderboard" name="test_leaderboard_rank_color_format" time="0.117" /><testcase classname="backend.tests.test_iteration10.TestRegression" name="test_health_or_root" time="0.102" /><testcase classname="backend.tests.test_iteration10.TestRegression" name="test_problems_list" time="0.154" /></testsuite></testsuites>