<?xml version="1.0" encoding="utf-8"?><testsuites name="pytest tests"><testsuite name="pytest" errors="0" failures="0" skipped="0" tests="15" time="18.895" timestamp="2026-05-06T12:26:00.912671+00:00" hostname="agent-env-dc0f292a-be0e-4c64-bfba-4471319cfdf4"><testcase classname="backend.tests.test_iteration11.TestSQLCustomSchema" name="test_sql_no_custom_schema_builtin_tables" time="0.308" /><testcase classname="backend.tests.test_iteration11.TestSQLCustomSchema" name="test_sql_with_custom_schema_create_and_query" time="0.055" /><testcase classname="backend.tests.test_iteration11.TestSQLCustomSchema" name="test_sql_custom_schema_alongside_builtin" time="0.055" /><testcase classname="backend.tests.test_iteration11.TestSQLCustomSchema" name="test_sql_invalid_custom_schema_returns_error_payload" time="0.052" /><testcase classname="backend.tests.test_iteration11.TestSQLCustomSchema" name="test_sql_dangerous_pattern_blocked" time="0.066" /><testcase classname="backend.tests.test_iteration11.TestSQLCustomSchema" name="test_sql_requires_auth" time="0.166" /><testcase classname="backend.tests.test_iteration11.TestPDFUpload" name="test_upload_valid_pdf" time="0.144" /><testcase classname="backend.tests.test_iteration11.TestPDFUpload" name="test_upload_non_pdf_rejected" time="0.209" /><testcase classname="backend.tests.test_iteration11.TestPDFUpload" name="test_upload_pdf_requires_auth" time="0.118" /><testcase classname="backend.tests.test_iteration11.TestInterviewWithPDF" name="test_interview_start_accepts_pdf_fields" time="16.824" /><testcase classname="backend.tests.test_iteration11.TestCodePersistence" name="test_save_code_draft" time="0.053" /><testcase classname="backend.tests.test_iteration11.TestCodePersistence" name="test_get_code_draft" time="0.104" /><testcase classname="backend.tests.test_iteration11.TestCodePersistence" name="test_get_code_draft_missing_returns_null_or_submission" time="0.049" /><testcase classname="backend.tests.test_iteration11.TestCodePersistence" name="test_solved_ids_endpoint" time="0.050" /><testcase classname="backend.tests.test_iteration11.TestCodePersistence" name="test_code_save_requires_auth" time="0.154" /></testsuite></testsuites>