<?xml version="1.0" encoding="utf-8"?><testsuites name="pytest tests"><testsuite name="pytest" errors="0" failures="0" skipped="0" tests="10" time="1.402" timestamp="2026-04-25T22:33:45.300722+00:00" hostname="agent-env-dc0f292a-be0e-4c64-bfba-4471319cfdf4"><testcase classname="backend.tests.test_iteration8.TestProfileStats" name="test_stats_requires_auth" time="0.226" /><testcase classname="backend.tests.test_iteration8.TestProfileStats" name="test_stats_returns_full_payload" time="0.151" /><testcase classname="backend.tests.test_iteration8.TestProfileStats" name="test_rank_object_structure" time="0.113" /><testcase classname="backend.tests.test_iteration8.TestProfileStats" name="test_badges_have_required_fields" time="0.129" /><testcase classname="backend.tests.test_iteration8.TestProfileStats" name="test_stats_object_fields" time="0.112" /><testcase classname="backend.tests.test_iteration8.TestProfileStats" name="test_test_user_expected_state" time="0.116" /><testcase classname="backend.tests.test_iteration8.TestRankLogic" name="test_xp_consistency" time="0.130" /><testcase classname="backend.tests.test_iteration8.TestCustomVisualize" name="test_requires_auth" time="0.134" /><testcase classname="backend.tests.test_iteration8.TestRegression" name="test_profile_endpoint" time="0.102" /><testcase classname="backend.tests.test_iteration8.TestRegression" name="test_community_delete_still_enforces_ownership" time="0.105" /></testsuite></testsuites>